<?xml version="1.0" encoding="UTF-8"?>
<!-- Generated by org.testng.reporters.JUnitXMLReporter -->
<testsuite hostname="DESKTOP-GN69LFU" failures="0" tests="6" name="Default test" time="58.908" errors="0" timestamp="20 Jul 2022 17:36:06 GMT">
  <testcase classname="com.demoacti.tests.LoginPagetests" name="testEnterUsername" time="0.071"/>
  <testcase classname="com.demoacti.tests.LoginPagetests" name="testForgotPasswordLink" time="0.063"/>
  <testcase classname="com.demoacti.tests.LoginPagetests" name="testLoginFunction" time="2.144"/>
  <testcase classname="com.demoacti.tests.LoginPagetests" name="testLogoimageisDisplayed" time="0.041"/>
  <testcase classname="com.demoacti.tests.LoginPagetests" name="testUserName" time="0.079"/>
  <testcase classname="com.demoacti.tests.LoginPagetests" name="testpagetitle" time="0.008"/>
</testsuite> <!-- Default test -->
