<?xml version="1.0" encoding="UTF-8"?>
<testng-results total="6" passed="6" failed="0" skipped="0">
  <reporter-output>
  </reporter-output>
  <suite started-at="2022-07-20T17:35:07Z" name="Default suite" finished-at="2022-07-20T17:36:06Z" duration-ms="58908">
    <groups>
    </groups>
    <test started-at="2022-07-20T17:35:07Z" name="Default test" finished-at="2022-07-20T17:36:06Z" duration-ms="58908">
      <class name="com.demoacti.tests.LoginPagetests">
        <test-method is-config="true" signature="teamup()[pri:0, instance:com.demoacti.tests.LoginPagetests@457c9034]" started-at="2022-07-20T13:35:07Z" name="teamup" finished-at="2022-07-20T13:35:17Z" duration-ms="10096" status="PASS">
          <reporter-output>
          </reporter-output>
        </test-method> <!-- teamup -->
        <test-method signature="testEnterUsername()[pri:0, instance:com.demoacti.tests.LoginPagetests@457c9034]" started-at="2022-07-20T13:35:17Z" name="testEnterUsername" finished-at="2022-07-20T13:35:17Z" duration-ms="71" status="PASS">
          <reporter-output>
          </reporter-output>
        </test-method> <!-- testEnterUsername -->
        <test-method is-config="true" signature="teardown()[pri:0, instance:com.demoacti.tests.LoginPagetests@457c9034]" started-at="2022-07-20T13:35:17Z" name="teardown" finished-at="2022-07-20T13:35:18Z" duration-ms="178" status="PASS">
          <reporter-output>
          </reporter-output>
        </test-method> <!-- teardown -->
        <test-method is-config="true" signature="teamup()[pri:0, instance:com.demoacti.tests.LoginPagetests@457c9034]" started-at="2022-07-20T13:35:18Z" name="teamup" finished-at="2022-07-20T13:35:27Z" duration-ms="9612" status="PASS">
          <reporter-output>
          </reporter-output>
        </test-method> <!-- teamup -->
        <test-method signature="testForgotPasswordLink()[pri:0, instance:com.demoacti.tests.LoginPagetests@457c9034]" started-at="2022-07-20T13:35:27Z" name="testForgotPasswordLink" finished-at="2022-07-20T13:35:27Z" duration-ms="63" status="PASS">
          <reporter-output>
          </reporter-output>
        </test-method> <!-- testForgotPasswordLink -->
        <test-method is-config="true" signature="teardown()[pri:0, instance:com.demoacti.tests.LoginPagetests@457c9034]" started-at="2022-07-20T13:35:27Z" name="teardown" finished-at="2022-07-20T13:35:27Z" duration-ms="109" status="PASS">
          <reporter-output>
          </reporter-output>
        </test-method> <!-- teardown -->
        <test-method is-config="true" signature="teamup()[pri:0, instance:com.demoacti.tests.LoginPagetests@457c9034]" started-at="2022-07-20T13:35:27Z" name="teamup" finished-at="2022-07-20T13:35:37Z" duration-ms="9210" status="PASS">
          <reporter-output>
          </reporter-output>
        </test-method> <!-- teamup -->
        <test-method signature="testLoginFunction()[pri:0, instance:com.demoacti.tests.LoginPagetests@457c9034]" started-at="2022-07-20T13:35:37Z" name="testLoginFunction" finished-at="2022-07-20T13:35:39Z" duration-ms="2144" status="PASS">
          <reporter-output>
          </reporter-output>
        </test-method> <!-- testLoginFunction -->
        <test-method is-config="true" signature="teardown()[pri:0, instance:com.demoacti.tests.LoginPagetests@457c9034]" started-at="2022-07-20T13:35:39Z" name="teardown" finished-at="2022-07-20T13:35:39Z" duration-ms="107" status="PASS">
          <reporter-output>
          </reporter-output>
        </test-method> <!-- teardown -->
        <test-method is-config="true" signature="teamup()[pri:0, instance:com.demoacti.tests.LoginPagetests@457c9034]" started-at="2022-07-20T13:35:39Z" name="teamup" finished-at="2022-07-20T13:35:48Z" duration-ms="8887" status="PASS">
          <reporter-output>
          </reporter-output>
        </test-method> <!-- teamup -->
        <test-method signature="testLogoimageisDisplayed()[pri:0, instance:com.demoacti.tests.LoginPagetests@457c9034]" started-at="2022-07-20T13:35:48Z" name="testLogoimageisDisplayed" finished-at="2022-07-20T13:35:48Z" duration-ms="41" status="PASS">
          <reporter-output>
          </reporter-output>
        </test-method> <!-- testLogoimageisDisplayed -->
        <test-method is-config="true" signature="teardown()[pri:0, instance:com.demoacti.tests.LoginPagetests@457c9034]" started-at="2022-07-20T13:35:48Z" name="teardown" finished-at="2022-07-20T13:35:48Z" duration-ms="93" status="PASS">
          <reporter-output>
          </reporter-output>
        </test-method> <!-- teardown -->
        <test-method is-config="true" signature="teamup()[pri:0, instance:com.demoacti.tests.LoginPagetests@457c9034]" started-at="2022-07-20T13:35:48Z" name="teamup" finished-at="2022-07-20T13:35:57Z" duration-ms="8857" status="PASS">
          <reporter-output>
          </reporter-output>
        </test-method> <!-- teamup -->
        <test-method signature="testUserName()[pri:0, instance:com.demoacti.tests.LoginPagetests@457c9034]" started-at="2022-07-20T13:35:57Z" name="testUserName" finished-at="2022-07-20T13:35:57Z" duration-ms="79" status="PASS">
          <reporter-output>
          </reporter-output>
        </test-method> <!-- testUserName -->
        <test-method is-config="true" signature="teardown()[pri:0, instance:com.demoacti.tests.LoginPagetests@457c9034]" started-at="2022-07-20T13:35:57Z" name="teardown" finished-at="2022-07-20T13:35:57Z" duration-ms="120" status="PASS">
          <reporter-output>
          </reporter-output>
        </test-method> <!-- teardown -->
        <test-method is-config="true" signature="teamup()[pri:0, instance:com.demoacti.tests.LoginPagetests@457c9034]" started-at="2022-07-20T13:35:57Z" name="teamup" finished-at="2022-07-20T13:36:06Z" duration-ms="9032" status="PASS">
          <reporter-output>
          </reporter-output>
        </test-method> <!-- teamup -->
        <test-method signature="testpagetitle()[pri:0, instance:com.demoacti.tests.LoginPagetests@457c9034]" started-at="2022-07-20T13:36:06Z" name="testpagetitle" finished-at="2022-07-20T13:36:06Z" duration-ms="8" status="PASS">
          <reporter-output>
          </reporter-output>
        </test-method> <!-- testpagetitle -->
        <test-method is-config="true" signature="teardown()[pri:0, instance:com.demoacti.tests.LoginPagetests@457c9034]" started-at="2022-07-20T13:36:06Z" name="teardown" finished-at="2022-07-20T13:36:06Z" duration-ms="171" status="PASS">
          <reporter-output>
          </reporter-output>
        </test-method> <!-- teardown -->
      </class> <!-- com.demoacti.tests.LoginPagetests -->
    </test> <!-- Default test -->
  </suite> <!-- Default suite -->
</testng-results>
